CRITICAL - 2020-12-18 08:11:07 --> Call to undefined function CodeIgniter\CLI\mb_strpos()
#0 /opt/dev.bbws-bsolo.net/www/system/CLI/CLI.php(192): CodeIgniter\CLI\CLI::parseCommandLine()
#1 /opt/dev.bbws-bsolo.net/www/system/CLI/CLI.php(1168): CodeIgniter\CLI\CLI::init()
#2 /opt/dev.bbws-bsolo.net/www/system/Autoloader/Autoloader.php(365): require_once('/opt/dev.bbws-b...')
#3 /opt/dev.bbws-bsolo.net/www/system/Autoloader/Autoloader.php(296): CodeIgniter\Autoloader\Autoloader->requireFile()
#4 /opt/dev.bbws-bsolo.net/www/system/Autoloader/Autoloader.php(258): CodeIgniter\Autoloader\Autoloader->loadInNamespace()
#5 [internal function]: CodeIgniter\Autoloader\Autoloader->loadClass()
#6 /opt/dev.bbws-bsolo.net/www/system/CLI/Console.php(96): spl_autoload_call()
#7 /opt/dev.bbws-bsolo.net/www/spark(54): CodeIgniter\CLI\Console->showHeader()
#8 {main}
CRITICAL - 2020-12-18 08:15:23 --> Call to undefined function CodeIgniter\CLI\mb_strpos()
#0 /opt/dev.bbws-bsolo.net/www/system/CLI/CLI.php(192): CodeIgniter\CLI\CLI::parseCommandLine()
#1 /opt/dev.bbws-bsolo.net/www/system/CLI/CLI.php(1168): CodeIgniter\CLI\CLI::init()
#2 /opt/dev.bbws-bsolo.net/www/system/Autoloader/Autoloader.php(365): require_once('/opt/dev.bbws-b...')
#3 /opt/dev.bbws-bsolo.net/www/system/Autoloader/Autoloader.php(296): CodeIgniter\Autoloader\Autoloader->requireFile()
#4 /opt/dev.bbws-bsolo.net/www/system/Autoloader/Autoloader.php(258): CodeIgniter\Autoloader\Autoloader->loadInNamespace()
#5 [internal function]: CodeIgniter\Autoloader\Autoloader->loadClass()
#6 /opt/dev.bbws-bsolo.net/www/system/CLI/Console.php(96): spl_autoload_call()
#7 /opt/dev.bbws-bsolo.net/www/spark(54): CodeIgniter\CLI\Console->showHeader()
#8 {main}
